<?xml version="1.0" encoding="UTF-8"?>
<testsuite xmlns:xsi="http://www.w3.org/2001/XMLSchema-instance" xsi:noNamespaceSchemaLocation="https://maven.apache.org/surefire/maven-surefire-plugin/xsd/surefire-test-report.xsd" name="Appium.MobileBrowserTest" time="41.853" tests="1" errors="0" skipped="0" failures="1">
  <properties>
[...]
</properties>
  <testcase name="BrowserTest" classname="Appium.MobileBrowserTest" time="8.347">
    <failure message="An unknown server-side error occurred while processing the command. Original error: unknown error: session deleted because of page crash&#10;from unknown error: cannot determine loading status&#10;from tab crashed&#10;  (Session info: chrome=83.0.4103.106)&#10;Build info: version: &apos;4.10.0&apos;, revision: &apos;c14d967899&apos;&#10;System info: os.name: &apos;Windows 10&apos;, os.arch: &apos;amd64&apos;, os.version: &apos;10.0&apos;, java.version: &apos;1.8.0_111&apos;&#10;Driver info: io.appium.java_client.android.AndroidDriver&#10;Command: [b23eeab9-9277-41c0-b5e9-0cab43b68c81, get {url=https://rahulshettyacademy.com/angularAppdemo/}]&#10;Capabilities {appium:appActivity: com.google.android.apps.chr..., appium:appPackage: com.android.chrome, appium:automationName: UIAutomator2, appium:chromedriverExecutable: C:\Users\pmeher\eclipse-wor..., appium:databaseEnabled: false, appium:desired: {automationName: UIAutomator2, browserName: Chrome, chromedriverExecutable: C:\Users\pmeher\eclipse-wor..., deviceName: pratikMobile1, platformName: ANDROID}, appium:deviceApiLevel: 30, appium:deviceManufacturer: Google, appium:deviceModel: sdk_gphone_x86, appium:deviceName: emulator-5554, appium:deviceScreenDensity: 420, appium:deviceScreenSize: 1080x1920, appium:deviceUDID: emulator-5554, appium:javascriptEnabled: true, appium:locationContextEnabled: false, appium:networkConnectionEnabled: true, appium:pixelRatio: 2.625, appium:platformVersion: 11, appium:statBarHeight: 63, appium:takesScreenshot: true, appium:viewportRect: {height: 1731, left: 0, top: 63, width: 1080}, appium:warnings: {}, appium:webStorageEnabled: false, browserName: Chrome, platformName: ANDROID}&#10;Session ID: b23eeab9-9277-41c0-b5e9-0cab43b68c81" type="org.openqa.selenium.WebDriverException">org.openqa.selenium.WebDriverException: 
An unknown server-side error occurred while processing the command. Original error: unknown error: session deleted because of page crash
from unknown error: cannot determine loading status
from tab crashed
  (Session info: chrome=83.0.4103.106)
Build info: version: '4.10.0', revision: 'c14d967899'
System info: os.name: 'Windows 10', os.arch: 'amd64', os.version: '10.0', java.version: '1.8.0_111'
Driver info: io.appium.java_client.android.AndroidDriver
Command: [b23eeab9-9277-41c0-b5e9-0cab43b68c81, get {url=https://rahulshettyacademy.com/angularAppdemo/}]
Capabilities {appium:appActivity: com.google.android.apps.chr..., appium:appPackage: com.android.chrome, appium:automationName: UIAutomator2, appium:chromedriverExecutable: C:\Users\pmeher\eclipse-wor..., appium:databaseEnabled: false, appium:desired: {automationName: UIAutomator2, browserName: Chrome, chromedriverExecutable: C:\Users\pmeher\eclipse-wor..., deviceName: pratikMobile1, platformName: ANDROID}, appium:deviceApiLevel: 30, appium:deviceManufacturer: Google, appium:deviceModel: sdk_gphone_x86, appium:deviceName: emulator-5554, appium:deviceScreenDensity: 420, appium:deviceScreenSize: 1080x1920, appium:deviceUDID: emulator-5554, appium:javascriptEnabled: true, appium:locationContextEnabled: false, appium:networkConnectionEnabled: true, appium:pixelRatio: 2.625, appium:platformVersion: 11, appium:statBarHeight: 63, appium:takesScreenshot: true, appium:viewportRect: {height: 1731, left: 0, top: 63, width: 1080}, appium:warnings: {}, appium:webStorageEnabled: false, browserName: Chrome, platformName: ANDROID}
Session ID: b23eeab9-9277-41c0-b5e9-0cab43b68c81
	at Appium.MobileBrowserTest.BrowserTest(MobileBrowserTest.java:19)
</failure>
    <system-out><![CDATA[&amp#27;[35m[Appium]&amp#27;[39m Welcome to Appium v2.0.0-rc.3
&amp#27;[35m[Appium]&amp#27;[39m Non-default server args:
&amp#27;[35m[Appium]&amp#27;[39m { address: &amp#27;[32m'127.0.0.1'&amp#27;[39m }
&amp#27;[35m[Appium]&amp#27;[39m Attempting to load driver uiautomator2...
[debug] &amp#27;[35m[Appium]&amp#27;[39m Requiring driver at C:\Users\pmeher\.appium\node_modules\appium-uiautomator2-driver
&amp#27;[35m[Appium]&amp#27;[39m Appium REST http interface listener started on http://127.0.0.1:4723
&amp#27;[35m[Appium]&amp#27;[39m Available drivers:
&amp#27;[35m[Appium]&amp#27;[39m   - uiautomator2@2.29.1 (automationName 'UiAutomator2')
&amp#27;[35m[Appium]&amp#27;[39m No plugins have been installed. Use the "appium plugin" command to install the one(s) you want to use.
&amp#27;[38;5;0m[HTTP]&amp#27;[0m &amp#27;[37m-->&amp#27;[39m &amp#27;[37mGET&amp#27;[39m &amp#27;[37m/status&amp#27;[39m
&amp#27;[38;5;0m[HTTP]&amp#27;[0m &amp#27;[90m{}&amp#27;[39m
[debug] &amp#27;[38;5;16m[AppiumDriver@dbc3]&amp#27;[0m Calling AppiumDriver.getStatus() with args: []
[debug] &amp#27;[38;5;16m[AppiumDriver@dbc3]&amp#27;[0m Responding to client with driver.getStatus() result: {"build":{"version":"2.0.0-rc.3"}}
&amp#27;[38;5;0m[HTTP]&amp#27;[0m &amp#27;[37m<-- GET /status &amp#27;[39m&amp#27;[32m200&amp#27;[39m &amp#27;[90m9 ms - 44&amp#27;[39m
&amp#27;[38;5;0m[HTTP]&amp#27;[0m &amp#27;[90m&amp#27;[39m
[debug] &amp#27;[38;5;0m[HTTP]&amp#27;[0m Request idempotency key: 42c9e696-d44c-4e92-93c8-70a4d17ce23c
&amp#27;[38;5;0m[HTTP]&amp#27;[0m &amp#27;[37m-->&amp#27;[39m &amp#27;[37mPOST&amp#27;[39m &amp#27;[37m/session&amp#27;[39m
&amp#27;[38;5;0m[HTTP]&amp#27;[0m &amp#27;[90m{"capabilities":{"firstMatch":[{}],"alwaysMatch":{"appium:automationName":"UIAutomator2","appium:chromedriverExecutable":"C:\\Users\\pmeher\\eclipse-workspace\\Appium\\src\\test\\java\\Resources\\mobileApp\\chromedriver.exe","appium:deviceName":"pratikMobile1","browserName":"Chrome","platformName":"ANDROID"}}}&amp#27;[39m
[debug] &amp#27;[38;5;16m[AppiumDriver@dbc3]&amp#27;[0m Calling AppiumDriver.createSession() with args: [null,null,{"firstMatch":[{}],"alwaysMatch":{"appium:automationName":"UIAutomator2","appium:chromedriverExecutable":"C:\\Users\\pmeher\\eclipse-workspace\\Appium\\src\\test\\java\\Resources\\mobileApp\\chromedriver.exe","appium:deviceName":"pratikMobile1","browserName":"Chrome","platformName":"ANDROID"}}]
[debug] &amp#27;[38;5;16m[AppiumDriver@dbc3]&amp#27;[0m Event 'newSessionRequested' logged at 1689070666785 (15:47:46 GMT+0530 (India Standard Time))
&amp#27;[35m[Appium]&amp#27;[39m Attempting to find matching driver for automationName 'UIAutomator2' and platformName 'ANDROID'
&amp#27;[35m[Appium]&amp#27;[39m The 'uiautomator2' driver was installed and matched caps.
&amp#27;[35m[Appium]&amp#27;[39m Will require it at C:\Users\pmeher\.appium\node_modules\appium-uiautomator2-driver
[debug] &amp#27;[35m[Appium]&amp#27;[39m Requiring driver at C:\Users\pmeher\.appium\node_modules\appium-uiautomator2-driver
&amp#27;[38;5;16m[AppiumDriver@dbc3]&amp#27;[0m Appium v2.0.0-rc.3 creating new AndroidUiautomator2Driver (v2.29.1) session
&amp#27;[38;5;16m[AppiumDriver@dbc3]&amp#27;[0m Checking BaseDriver versions for Appium and AndroidUiautomator2Driver
&amp#27;[38;5;16m[AppiumDriver@dbc3]&amp#27;[0m Appium's BaseDriver version is 9.3.13
&amp#27;[38;5;16m[AppiumDriver@dbc3]&amp#27;[0m AndroidUiautomator2Driver's BaseDriver version is 9.3.13
[debug] &amp#27;[38;5;32m[AndroidUiautomator2Driver@c2b9]&amp#27;[0m Creating session with W3C capabilities: {
[debug] &amp#27;[38;5;32m[AndroidUiautomator2Driver@c2b9]&amp#27;[0m   "alwaysMatch": {
[debug] &amp#27;[38;5;32m[AndroidUiautomator2Driver@c2b9]&amp#27;[0m     "browserName": "Chrome",
[debug] &amp#27;[38;5;32m[AndroidUiautomator2Driver@c2b9]&amp#27;[0m     "platformName": "ANDROID",
[debug] &amp#27;[38;5;32m[AndroidUiautomator2Driver@c2b9]&amp#27;[0m     "appium:automationName": "UIAutomator2",
[debug] &amp#27;[38;5;32m[AndroidUiautomator2Driver@c2b9]&amp#27;[0m     "appium:chromedriverExecutable": "C:\\Users\\pmeher\\eclipse-workspace\\Appium\\src\\test\\java\\Resources\\mobileApp\\chromedriver.exe",
[debug] &amp#27;[38;5;32m[AndroidUiautomator2Driver@c2b9]&amp#27;[0m     "appium:deviceName": "pratikMobile1"
[debug] &amp#27;[38;5;32m[AndroidUiautomator2Driver@c2b9]&amp#27;[0m   },
[debug] &amp#27;[38;5;32m[AndroidUiautomator2Driver@c2b9]&amp#27;[0m   "firstMatch": [
[debug] &amp#27;[38;5;32m[AndroidUiautomator2Driver@c2b9]&amp#27;[0m     {}
[debug] &amp#27;[38;5;32m[AndroidUiautomator2Driver@c2b9]&amp#27;[0m   ]
[debug] &amp#27;[38;5;32m[AndroidUiautomator2Driver@c2b9]&amp#27;[0m }
&amp#27;[38;5;32m[AndroidUiautomator2Driver@c2b9 (b23eeab9)]&amp#27;[0m Session created with session id: b23eeab9-9277-41c0-b5e9-0cab43b68c81
&amp#27;[38;5;32m[AndroidUiautomator2Driver@c2b9 (b23eeab9)]&amp#27;[0m We're going to run a Chrome-based session
&amp#27;[38;5;32m[AndroidUiautomator2Driver@c2b9 (b23eeab9)]&amp#27;[0m Chrome-type package and activity are com.android.chrome and com.google.android.apps.chrome.Main
&amp#27;[38;5;32m[AndroidUiautomator2Driver@c2b9 (b23eeab9)]&amp#27;[0m Starting 'com.android.chrome' directly on the device
&amp#27;[38;5;48m[ADB]&amp#27;[0m Found 2 'build-tools' folders under 'C:\Users\pmeher\AppData\Local\Android\Sdk' (newest first):
&amp#27;[38;5;48m[ADB]&amp#27;[0m     C:/Users/pmeher/AppData/Local/Android/Sdk/build-tools/34.0.0
&amp#27;[38;5;48m[ADB]&amp#27;[0m     C:/Users/pmeher/AppData/Local/Android/Sdk/build-tools/30.0.3
&amp#27;[38;5;48m[ADB]&amp#27;[0m Using 'adb.exe' from 'C:\Users\pmeher\AppData\Local\Android\Sdk\platform-tools\adb.exe'
[debug] &amp#27;[38;5;48m[ADB]&amp#27;[0m Running 'C:\Users\pmeher\AppData\Local\Android\Sdk\platform-tools\adb.exe -P 5037 start-server'
&amp#27;[38;5;64m[AndroidDriver]&amp#27;[0m Retrieving device list
[debug] &amp#27;[38;5;48m[ADB]&amp#27;[0m Trying to find a connected android device
[debug] &amp#27;[38;5;48m[ADB]&amp#27;[0m Getting connected devices
[debug] &amp#27;[38;5;48m[ADB]&amp#27;[0m Connected devices: [{"udid":"emulator-5554","state":"device"}]
&amp#27;[38;5;64m[AndroidDriver]&amp#27;[0m Using device: emulator-5554
&amp#27;[38;5;48m[ADB]&amp#27;[0m Using 'adb.exe' from 'C:\Users\pmeher\AppData\Local\Android\Sdk\platform-tools\adb.exe'
[debug] &amp#27;[38;5;48m[ADB]&amp#27;[0m Running 'C:\Users\pmeher\AppData\Local\Android\Sdk\platform-tools\adb.exe -P 5037 start-server'
[debug] &amp#27;[38;5;48m[ADB]&amp#27;[0m Setting device id to emulator-5554
[debug] &amp#27;[38;5;48m[ADB]&amp#27;[0m Running 'C:\Users\pmeher\AppData\Local\Android\Sdk\platform-tools\adb.exe -P 5037 -s emulator-5554 shell getprop ro.build.version.sdk'
[debug] &amp#27;[38;5;48m[ADB]&amp#27;[0m Current device property 'ro.build.version.sdk': 30
&amp#27;[38;5;48m[ADB]&amp#27;[0m Getting device platform version
[debug] &amp#27;[38;5;48m[ADB]&amp#27;[0m Running 'C:\Users\pmeher\AppData\Local\Android\Sdk\platform-tools\adb.exe -P 5037 -s emulator-5554 shell getprop ro.build.version.release'
[debug] &amp#27;[38;5;48m[ADB]&amp#27;[0m Current device property 'ro.build.version.release': 11
[debug] &amp#27;[38;5;48m[ADB]&amp#27;[0m Device API level: 30
&amp#27;[38;5;32m[AndroidUiautomator2Driver@c2b9 (b23eeab9)]&amp#27;[0m Relaxing hidden api policy
[debug] &amp#27;[38;5;48m[ADB]&amp#27;[0m Running 'C:\Users\pmeher\AppData\Local\Android\Sdk\platform-tools\adb.exe -P 5037 -s emulator-5554 shell 'settings put global hidden_api_policy_pre_p_apps 1;settings put global hidden_api_policy_p_apps 1;settings put global hidden_api_policy 1''
&amp#27;[38;5;64m[AndroidDriver]&amp#27;[0m No app sent in, not parsing package/activity
[debug] &amp#27;[38;5;48m[ADB]&amp#27;[0m Running 'C:\Users\pmeher\AppData\Local\Android\Sdk\platform-tools\adb.exe -P 5037 -s emulator-5554 wait-for-device'
[debug] &amp#27;[38;5;48m[ADB]&amp#27;[0m Running 'C:\Users\pmeher\AppData\Local\Android\Sdk\platform-tools\adb.exe -P 5037 -s emulator-5554 shell echo ping'
[debug] &amp#27;[38;5;64m[AndroidDriver]&amp#27;[0m Pushing settings apk to device...
[debug] &amp#27;[38;5;48m[ADB]&amp#27;[0m Getting package info for 'io.appium.settings'
[debug] &amp#27;[38;5;48m[ADB]&amp#27;[0m Running 'C:\Users\pmeher\AppData\Local\Android\Sdk\platform-tools\adb.exe -P 5037 -s emulator-5554 shell dumpsys package io.appium.settings'
[debug] &amp#27;[38;5;48m[ADB]&amp#27;[0m The version name of the installed 'io.appium.settings' is greater or equal to the application version name ('5.0.5' >= '5.0.5')
[debug] &amp#27;[38;5;48m[ADB]&amp#27;[0m There is no need to install/upgrade 'C:\Users\pmeher\.appium\node_modules\appium-uiautomator2-driver\node_modules\io.appium.settings\apks\settings_apk-debug.apk'
[debug] &amp#27;[38;5;48m[ADB]&amp#27;[0m Getting IDs of all 'io.appium.settings' processes
[debug] &amp#27;[38;5;48m[ADB]&amp#27;[0m Running 'C:\Users\pmeher\AppData\Local\Android\Sdk\platform-tools\adb.exe -P 5037 -s emulator-5554 shell 'pgrep --help; echo $?''
[debug] &amp#27;[38;5;48m[ADB]&amp#27;[0m Running 'C:\Users\pmeher\AppData\Local\Android\Sdk\platform-tools\adb.exe -P 5037 -s emulator-5554 shell pgrep -f \(\[\[:blank:\]\]\|\^\)io\.appium\.settings\(\[\[:blank:\]\]\|\$\)'
[debug] &amp#27;[38;5;64m[AndroidDriver]&amp#27;[0m io.appium.settings is already running. There is no need to reset its permissions.
[debug] &amp#27;[38;5;80m[Logcat]&amp#27;[0m Starting logs capture with command: C:\\Users\\pmeher\\AppData\\Local\\Android\\Sdk\\platform-tools\\adb.exe -P 5037 -s emulator-5554 logcat -v threadtime
[debug] &amp#27;[38;5;32m[AndroidUiautomator2Driver@c2b9 (b23eeab9)]&amp#27;[0m Forwarding UiAutomator2 Server port 6790 to local port 8201
[debug] &amp#27;[38;5;48m[ADB]&amp#27;[0m Forwarding system: 8201 to device: 6790
[debug] &amp#27;[38;5;48m[ADB]&amp#27;[0m Running 'C:\Users\pmeher\AppData\Local\Android\Sdk\platform-tools\adb.exe -P 5037 -s emulator-5554 forward tcp:8201 tcp:6790'
[debug] &amp#27;[38;5;48m[ADB]&amp#27;[0m Checking app cert for C:\Users\pmeher\.appium\node_modules\appium-uiautomator2-driver\node_modules\appium-uiautomator2-server\apks\appium-uiautomator2-server-v5.12.1.apk
[debug] &amp#27;[38;5;48m[ADB]&amp#27;[0m Checking app cert for C:\Users\pmeher\.appium\node_modules\appium-uiautomator2-driver\node_modules\appium-uiautomator2-server\apks\appium-uiautomator2-server-debug-androidTest.apk
&amp#27;[38;5;48m[ADB]&amp#27;[0m Using 'apksigner.jar' from 'C:\Users\pmeher\AppData\Local\Android\Sdk\build-tools\34.0.0\lib\apksigner.jar'
[debug] &amp#27;[38;5;48m[ADB]&amp#27;[0m Starting apksigner: 'C:\\Program Files\\Java\\jdk1.8.0_111\\bin\\java.exe' -Xmx1024M -Xss1m -jar C:\\Users\\pmeher\\AppData\\Local\\Android\\Sdk\\build-tools\\34.0.0\\lib\\apksigner.jar verify --print-certs C:\\Users\\pmeher\\.appium\\node_modules\\appium-uiautomator2-driver\\node_modules\\appium-uiautomator2-server\\apks\\appium-uiautomator2-server-debug-androidTest.apk
[debug] &amp#27;[38;5;48m[ADB]&amp#27;[0m Starting apksigner: 'C:\\Program Files\\Java\\jdk1.8.0_111\\bin\\java.exe' -Xmx1024M -Xss1m -jar C:\\Users\\pmeher\\AppData\\Local\\Android\\Sdk\\build-tools\\34.0.0\\lib\\apksigner.jar verify --print-certs C:\\Users\\pmeher\\.appium\\node_modules\\appium-uiautomator2-driver\\node_modules\\appium-uiautomator2-server\\apks\\appium-uiautomator2-server-v5.12.1.apk
[debug] &amp#27;[38;5;48m[ADB]&amp#27;[0m apksigner stdout: Signer #1 certificate DN: EMAILADDRESS=android@android.com, CN=Android, OU=Android, O=Android, L=Mountain View, ST=California, C=US
[debug] &amp#27;[38;5;48m[ADB]&amp#27;[0m Signer #1 certificate SHA-256 digest: a40da80a59d170caa950cf15c18c454d47a39b26989d8b640ecd745ba71bf5dc
[debug] &amp#27;[38;5;48m[ADB]&amp#27;[0m Signer #1 certificate SHA-1 digest: 61ed377e85d386a8dfee6b864bd85b0bfaa5af81
[debug] &amp#27;[38;5;48m[ADB]&amp#27;[0m Signer #1 certificate MD5 digest: e89b158e4bcf988ebd09eb83f5378e87
[debug] &amp#27;[38;5;48m[ADB]&amp#27;[0m 
[debug] &amp#27;[38;5;48m[ADB]&amp#27;[0m sha256 hash did match for 'appium-uiautomator2-server-debug-androidTest.apk'
&amp#27;[38;5;48m[ADB]&amp#27;[0m 'C:\Users\pmeher\.appium\node_modules\appium-uiautomator2-driver\node_modules\appium-uiautomator2-server\apks\appium-uiautomator2-server-debug-androidTest.apk' is signed with the default certificate
[debug] &amp#27;[38;5;48m[ADB]&amp#27;[0m Getting install status for io.appium.uiautomator2.server.test
[debug] &amp#27;[38;5;48m[ADB]&amp#27;[0m Running 'C:\Users\pmeher\AppData\Local\Android\Sdk\platform-tools\adb.exe -P 5037 -s emulator-5554 shell pm path io.appium.uiautomator2.server.test'
[debug] &amp#27;[38;5;48m[ADB]&amp#27;[0m 'io.appium.uiautomator2.server.test' is installed
[debug] &amp#27;[38;5;48m[ADB]&amp#27;[0m apksigner stdout: Signer #1 certificate DN: EMAILADDRESS=android@android.com, CN=Android, OU=Android, O=Android, L=Mountain View, ST=California, C=US
[debug] &amp#27;[38;5;48m[ADB]&amp#27;[0m Signer #1 certificate SHA-256 digest: a40da80a59d170caa950cf15c18c454d47a39b26989d8b640ecd745ba71bf5dc
[debug] &amp#27;[38;5;48m[ADB]&amp#27;[0m Signer #1 certificate SHA-1 digest: 61ed377e85d386a8dfee6b864bd85b0bfaa5af81
[debug] &amp#27;[38;5;48m[ADB]&amp#27;[0m Signer #1 certificate MD5 digest: e89b158e4bcf988ebd09eb83f5378e87
[debug] &amp#27;[38;5;48m[ADB]&amp#27;[0m 
[debug] &amp#27;[38;5;48m[ADB]&amp#27;[0m sha256 hash did match for 'appium-uiautomator2-server-v5.12.1.apk'
&amp#27;[38;5;48m[ADB]&amp#27;[0m 'C:\Users\pmeher\.appium\node_modules\appium-uiautomator2-driver\node_modules\appium-uiautomator2-server\apks\appium-uiautomator2-server-v5.12.1.apk' is signed with the default certificate
[debug] &amp#27;[38;5;48m[ADB]&amp#27;[0m Getting package info for 'io.appium.uiautomator2.server'
[debug] &amp#27;[38;5;48m[ADB]&amp#27;[0m Running 'C:\Users\pmeher\AppData\Local\Android\Sdk\platform-tools\adb.exe -P 5037 -s emulator-5554 shell dumpsys package io.appium.uiautomator2.server'
[debug] &amp#27;[38;5;48m[ADB]&amp#27;[0m The version name of the installed 'io.appium.uiautomator2.server' is greater or equal to the application version name ('5.12.1' >= '5.12.1')
[debug] &amp#27;[38;5;32m[AndroidUiautomator2Driver@c2b9 (b23eeab9)]&amp#27;[0m Server packages status: [{"wasSigned":true,"installState":"sameVersionInstalled","appPath":"C:\\Users\\pmeher\\.appium\\node_modules\\appium-uiautomator2-driver\\node_modules\\appium-uiautomator2-server\\apks\\appium-uiautomator2-server-v5.12.1.apk","appId":"io.appium.uiautomator2.server"},{"wasSigned":true,"installState":"sameVersionInstalled","appPath":"C:\\Users\\pmeher\\.appium\\node_modules\\appium-uiautomator2-driver\\node_modules\\appium-uiautomator2-server\\apks\\appium-uiautomator2-server-debug-androidTest.apk","appId":"io.appium.uiautomator2.server.test"}]
&amp#27;[38;5;32m[AndroidUiautomator2Driver@c2b9 (b23eeab9)]&amp#27;[0m Server packages are not going to be (re)installed
[debug] &amp#27;[38;5;32m[AndroidUiautomator2Driver@c2b9 (b23eeab9)]&amp#27;[0m Waiting up to 30000ms for services to be available
[debug] &amp#27;[38;5;48m[ADB]&amp#27;[0m Running 'C:\Users\pmeher\AppData\Local\Android\Sdk\platform-tools\adb.exe -P 5037 -s emulator-5554 shell pm list instrumentation'
[debug] &amp#27;[38;5;32m[AndroidUiautomator2Driver@c2b9 (b23eeab9)]&amp#27;[0m Instrumentation target 'io.appium.uiautomator2.server.test/androidx.test.runner.AndroidJUnitRunner' is available
&amp#27;[38;5;48m[ADB]&amp#27;[0m Adding packages ["io.appium.settings","io.appium.uiautomator2.server","io.appium.uiautomator2.server.test"] to Doze whitelist
[debug] &amp#27;[38;5;48m[ADB]&amp#27;[0m Got the following command chunks to execute: [["dumpsys","deviceidle","whitelist","+io.appium.settings",";","dumpsys","deviceidle","whitelist","+io.appium.uiautomator2.server",";","dumpsys","deviceidle","whitelist","+io.appium.uiautomator2.server.test",";"]]
[debug] &amp#27;[38;5;48m[ADB]&amp#27;[0m Running 'C:\Users\pmeher\AppData\Local\Android\Sdk\platform-tools\adb.exe -P 5037 -s emulator-5554 shell dumpsys deviceidle whitelist +io.appium.settings ; dumpsys deviceidle whitelist +io.appium.uiautomator2.server ; dumpsys deviceidle whitelist +io.appium.uiautomator2.server.test ;'
[debug] &amp#27;[38;5;32m[AndroidUiautomator2Driver@c2b9 (b23eeab9)]&amp#27;[0m No app capability. Assuming it is already on the device
[debug] &amp#27;[38;5;48m[ADB]&amp#27;[0m Getting install status for com.android.chrome
[debug] &amp#27;[38;5;48m[ADB]&amp#27;[0m Running 'C:\Users\pmeher\AppData\Local\Android\Sdk\platform-tools\adb.exe -P 5037 -s emulator-5554 shell pm path com.android.chrome'
[debug] &amp#27;[38;5;48m[ADB]&amp#27;[0m 'com.android.chrome' is installed
[debug] &amp#27;[38;5;48m[ADB]&amp#27;[0m Running 'C:\Users\pmeher\AppData\Local\Android\Sdk\platform-tools\adb.exe -P 5037 -s emulator-5554 shell am force-stop com.android.chrome'
[debug] &amp#27;[38;5;48m[ADB]&amp#27;[0m Running 'C:\Users\pmeher\AppData\Local\Android\Sdk\platform-tools\adb.exe -P 5037 -s emulator-5554 shell pm clear com.android.chrome'
[debug] &amp#27;[38;5;64m[AndroidDriver]&amp#27;[0m Performed fast reset on the installed 'com.android.chrome' application (stop and clear)
[debug] &amp#27;[38;5;32m[AndroidUiautomator2Driver@c2b9 (b23eeab9)]&amp#27;[0m Performing shallow cleanup of automation leftovers
[debug] &amp#27;[38;5;32m[AndroidUiautomator2Driver@c2b9 (b23eeab9)]&amp#27;[0m No obsolete sessions have been detected (socket hang up)
[debug] &amp#27;[38;5;48m[ADB]&amp#27;[0m Running 'C:\Users\pmeher\AppData\Local\Android\Sdk\platform-tools\adb.exe -P 5037 -s emulator-5554 shell am force-stop io.appium.uiautomator2.server.test'
&amp#27;[38;5;32m[AndroidUiautomator2Driver@c2b9 (b23eeab9)]&amp#27;[0m Starting UIAutomator2 server 5.12.1
&amp#27;[38;5;32m[AndroidUiautomator2Driver@c2b9 (b23eeab9)]&amp#27;[0m Using UIAutomator2 server from 'C:\Users\pmeher\.appium\node_modules\appium-uiautomator2-driver\node_modules\appium-uiautomator2-server\apks\appium-uiautomator2-server-v5.12.1.apk' and test from 'C:\Users\pmeher\.appium\node_modules\appium-uiautomator2-driver\node_modules\appium-uiautomator2-server\apks\appium-uiautomator2-server-debug-androidTest.apk'
&amp#27;[38;5;32m[AndroidUiautomator2Driver@c2b9 (b23eeab9)]&amp#27;[0m Waiting up to 30000ms for UiAutomator2 to be online...
[debug] &amp#27;[38;5;48m[ADB]&amp#27;[0m Creating ADB subprocess with args: ["-P","5037","-s","emulator-5554","shell","am","instrument","-w","-e","disableAnalytics",true,"io.appium.uiautomator2.server.test/androidx.test.runner.AndroidJUnitRunner"]
[debug] &amp#27;[38;5;32m[AndroidUiautomator2Driver@c2b9 (b23eeab9)]&amp#27;[0m Matched '/status' to command name 'getStatus'
[debug] &amp#27;[38;5;32m[AndroidUiautomator2Driver@c2b9 (b23eeab9)]&amp#27;[0m Proxying [GET /status] to [GET http://127.0.0.1:8201/status] with no body
&amp#27;[38;5;32m[AndroidUiautomator2Driver@c2b9 (b23eeab9)]&amp#27;[0m socket hang up
[debug] &amp#27;[38;5;32m[AndroidUiautomator2Driver@c2b9 (b23eeab9)]&amp#27;[0m Matched '/status' to command name 'getStatus'
[debug] &amp#27;[38;5;32m[AndroidUiautomator2Driver@c2b9 (b23eeab9)]&amp#27;[0m Proxying [GET /status] to [GET http://127.0.0.1:8201/status] with no body
&amp#27;[38;5;32m[AndroidUiautomator2Driver@c2b9 (b23eeab9)]&amp#27;[0m socket hang up
[debug] &amp#27;[38;5;96m[Instrumentation]&amp#27;[0m io.appium.uiautomator2.server.test.AppiumUiAutomator2Server:
[debug] &amp#27;[38;5;32m[AndroidUiautomator2Driver@c2b9 (b23eeab9)]&amp#27;[0m Matched '/status' to command name 'getStatus'
[debug] &amp#27;[38;5;32m[AndroidUiautomator2Driver@c2b9 (b23eeab9)]&amp#27;[0m Proxying [GET /status] to [GET http://127.0.0.1:8201/status] with no body
&amp#27;[38;5;32m[AndroidUiautomator2Driver@c2b9 (b23eeab9)]&amp#27;[0m socket hang up
[debug] &amp#27;[38;5;32m[AndroidUiautomator2Driver@c2b9 (b23eeab9)]&amp#27;[0m Matched '/status' to command name 'getStatus'
[debug] &amp#27;[38;5;32m[AndroidUiautomator2Driver@c2b9 (b23eeab9)]&amp#27;[0m Proxying [GET /status] to [GET http://127.0.0.1:8201/status] with no body
[debug] &amp#27;[38;5;32m[AndroidUiautomator2Driver@c2b9 (b23eeab9)]&amp#27;[0m Got response with status 200: {"sessionId":"None","value":{"message":"UiAutomator2 Server is ready to accept commands","ready":true}}
[debug] &amp#27;[38;5;32m[AndroidUiautomator2Driver@c2b9 (b23eeab9)]&amp#27;[0m The initialization of the instrumentation process took 3325ms
[debug] &amp#27;[38;5;32m[AndroidUiautomator2Driver@c2b9 (b23eeab9)]&amp#27;[0m Matched '/session' to command name 'createSession'
[debug] &amp#27;[38;5;32m[AndroidUiautomator2Driver@c2b9 (b23eeab9)]&amp#27;[0m Proxying [POST /session] to [POST http://127.0.0.1:8201/session] with body: {"capabilities":{"firstMatch":[{"platform":"LINUX","webStorageEnabled":false,"takesScreenshot":true,"javascriptEnabled":true,"databaseEnabled":false,"networkConnectionEnabled":true,"locationContextEnabled":false,"warnings":{},"desired":{"browserName":"Chrome","platformName":"ANDROID","automationName":"UIAutomator2","chromedriverExecutable":"C:\\Users\\pmeher\\eclipse-workspace\\Appium\\src\\test\\java\\Resources\\mobileApp\\chromedriver.exe","deviceName":"pratikMobile1"},"browserName":"Chrome","platformName":"ANDROID","automationName":"UIAutomator2","chromedriverExecutable":"C:\\Users\\pmeher\\eclipse-workspace\\Appium\\src\\test\\java\\Resources\\mobileApp\\chromedriver.exe","deviceName":"emulator-5554","appPackage":"com.android.chrome","appActivity":"com.google.android.apps.chrome.Main","deviceUDID":"emulator-5554"}],"alwaysMatch":{}}}
[debug] &amp#27;[38;5;32m[AndroidUiautomator2Driver@c2b9 (b23eeab9)]&amp#27;[0m Got response with status 200: {"sessionId":"1e3dcf16-9453-4a02-bb78-f1856eadd82d","value":{"capabilities":{"firstMatch":[{"platform":"LINUX","webStorageEnabled":false,"takesScreenshot":true,"javascriptEnabled":true,"databaseEnabled":false,"networkConnectionEnabled":true,"locationContextEnabled":false,"warnings":{},"desired":{"browserName":"Chrome","platformName":"ANDROID","automationName":"UIAutomator2","chromedriverExecutable":"C:\\Users\\pmeher\\eclipse-workspace\\Appium\\src\\test\\java\\Resources\\mobileApp\\chromedriver.exe","deviceName":"pratikMobile1"},"browserName":"Chrome","platformName":"ANDROID","automationName":"UIAutomator2","chromedriverExecutable":"C:\\Users\\pmeher\\eclipse-workspace\\Appium\\src\\test\\java\\Resources\\mobileApp\\chromedriver.exe","deviceName":"emulator-5554","appPackage":"com.android.chrome","appActivity":"com.google.android.apps.chrome.Main","deviceUDID":"emulator-5554"}],"alwaysMatch":{}},"sessionId":"1e3dcf16-9453-4a02-bb78-f1856eadd82d"}}
&amp#27;[38;5;32m[AndroidUiautomator2Driver@c2b9 (b23eeab9)]&amp#27;[0m Determined the downstream protocol as 'W3C'
[debug] &amp#27;[38;5;32m[AndroidUiautomator2Driver@c2b9 (b23eeab9)]&amp#27;[0m Proxying [GET /appium/device/info] to [GET http://127.0.0.1:8201/session/1e3dcf16-9453-4a02-bb78-f1856eadd82d/appium/device/info] with no body
[debug] &amp#27;[38;5;32m[AndroidUiautomator2Driver@c2b9 (b23eeab9)]&amp#27;[0m Got response with status 200: {"sessionId":"1e3dcf16-9453-4a02-bb78-f1856eadd82d","value":{"androidId":"ff4409912619c05f","apiVersion":"30","bluetooth":{"state":"ON"},"brand":"google","carrierName":"Android","displayDensity":420,"locale":"en_US","manufacturer":"Google","model":"sdk_gphone_x86","networks":[{"capabilities":{"SSID":null,"linkDownBandwidthKbps":141000,"linkUpstreamBandwidthKbps":141000,"networkCapabilities":"NET_CAPABILITY_NOT_METERED,NET_CAPABILITY_INTERNET,NET_CAPABILITY_NOT_RESTRICTED,NET_CAPABILITY_TRUSTED,NET_CAPABILITY_NOT_VPN,NET_CAPABILITY_VALIDATED,NET_CAPABILITY_NOT_ROAMING,NET_CAPABILITY_FOREGROUND,NET_CAPABILITY_NOT_CONGESTED,NET_CAPABILITY_NOT_SUSPENDED","signalStrength":-30,"transportTypes":"TRANSPORT_WIFI"},"detailedState":"CONNECTED","extraInfo":"","isAvailable":true,"isConnected":true,"isFailover":false,"isRoaming":false,"state":"CONNECTED","subtype":0,"subtypeName":"","type":1,"typeName":"WIFI"},{"capabilities":{"SSID":null,"linkDownBandwidthKbps":30000,"linkUpstreamBandwidthKbps":15000,"networkCapabiliti...
[debug] &amp#27;[38;5;48m[ADB]&amp#27;[0m Running 'C:\Users\pmeher\AppData\Local\Android\Sdk\platform-tools\adb.exe -P 5037 -s emulator-5554 shell dumpsys window'
&amp#27;[38;5;64m[AndroidDriver]&amp#27;[0m Screen already unlocked, doing nothing
&amp#27;[38;5;32m[AndroidUiautomator2Driver@c2b9 (b23eeab9)]&amp#27;[0m Starting a chrome-based browser session
[debug] &amp#27;[38;5;32m[AndroidUiautomator2Driver@c2b9 (b23eeab9)]&amp#27;[0m A port was not given, using random free port: 8000
[debug] &amp#27;[38;5;32m[AndroidUiautomator2Driver@c2b9 (b23eeab9)]&amp#27;[0m Automated Chromedriver download is disabled. Use 'chromedriver_autodownload' server feature to enable it
[debug] &amp#27;[38;5;64m[AndroidDriver]&amp#27;[0m Precalculated Chromedriver capabilities: {
[debug] &amp#27;[38;5;64m[AndroidDriver]&amp#27;[0m   "androidPackage": "com.android.chrome",
[debug] &amp#27;[38;5;64m[AndroidDriver]&amp#27;[0m   "androidDeviceSerial": "emulator-5554"
[debug] &amp#27;[38;5;64m[AndroidDriver]&amp#27;[0m }
[debug] &amp#27;[38;5;32m[AndroidUiautomator2Driver@c2b9 (b23eeab9)]&amp#27;[0m Before starting chromedriver, androidPackage is 'com.android.chrome'
[debug] &amp#27;[38;5;112m[Chromedriver@3cdd]&amp#27;[0m Changed state to 'starting'
&amp#27;[38;5;112m[Chromedriver@3cdd]&amp#27;[0m Set chromedriver binary as: C:\Users\pmeher\eclipse-workspace\Appium\src\test\java\Resources\mobileApp\chromedriver.exe
[debug] &amp#27;[38;5;112m[Chromedriver@3cdd]&amp#27;[0m Killing any old chromedrivers, running: wmic process where "commandline like '%chromedriver.exe%--port=8000%'" delete
[debug] &amp#27;[38;5;112m[Chromedriver@3cdd]&amp#27;[0m Successfully cleaned up old chromedrivers
[debug] &amp#27;[38;5;112m[Chromedriver@3cdd]&amp#27;[0m Cleaning this device's adb forwarded port socket connections: emulator-5554
[debug] &amp#27;[38;5;48m[ADB]&amp#27;[0m List forwarding ports
[debug] &amp#27;[38;5;48m[ADB]&amp#27;[0m Running 'C:\Users\pmeher\AppData\Local\Android\Sdk\platform-tools\adb.exe -P 5037 -s emulator-5554 forward --list'
&amp#27;[38;5;112m[Chromedriver@3cdd]&amp#27;[0m Spawning chromedriver with: C:\Users\pmeher\eclipse-workspace\Appium\src\test\java\Resources\mobileApp\chromedriver.exe --port=8000 --adb-port=5037 --verbose
[debug] &amp#27;[38;5;112m[Chromedriver@3cdd]&amp#27;[0m ChromeDriver version: '83.0.4103.39'
[debug] &amp#27;[38;5;112m[Chromedriver@3cdd]&amp#27;[0m Matched '/status' to command name 'getStatus'
[debug] &amp#27;[38;5;112m[Chromedriver@3cdd]&amp#27;[0m Proxying [GET /status] to [GET http://127.0.0.1:8000/status] with no body
&amp#27;[38;5;112m[Chromedriver@3cdd]&amp#27;[0m connect ECONNREFUSED 127.0.0.1:8000
[debug] &amp#27;[38;5;112m[Chromedriver@3cdd]&amp#27;[0m Matched '/status' to command name 'getStatus'
[debug] &amp#27;[38;5;112m[Chromedriver@3cdd]&amp#27;[0m Proxying [GET /status] to [GET http://127.0.0.1:8000/status] with no body
[debug] &amp#27;[38;5;112m[Chromedriver@3cdd]&amp#27;[0m Got response with status 200: {"value":{"build":{"version":"83.0.4103.39 (ccbf011cb2d2b19b506d844400483861342c20cd-refs/branch-heads/4103@{#416})"},"message":"ChromeDriver ready for new sessions.","os":{"arch":"x86_64","name":"Windows NT","version":"10.0.19045"},"ready":true}}
&amp#27;[38;5;112m[Chromedriver@3cdd]&amp#27;[0m Starting W3C Chromedriver session with capabilities: {
&amp#27;[38;5;112m[Chromedriver@3cdd]&amp#27;[0m   "capabilities": {
&amp#27;[38;5;112m[Chromedriver@3cdd]&amp#27;[0m     "alwaysMatch": {
&amp#27;[38;5;112m[Chromedriver@3cdd]&amp#27;[0m       "goog:chromeOptions": {
&amp#27;[38;5;112m[Chromedriver@3cdd]&amp#27;[0m         "androidPackage": "com.android.chrome",
&amp#27;[38;5;112m[Chromedriver@3cdd]&amp#27;[0m         "androidDeviceSerial": "emulator-5554"
&amp#27;[38;5;112m[Chromedriver@3cdd]&amp#27;[0m       },
&amp#27;[38;5;112m[Chromedriver@3cdd]&amp#27;[0m       "goog:loggingPrefs": {
&amp#27;[38;5;112m[Chromedriver@3cdd]&amp#27;[0m         "browser": "ALL"
&amp#27;[38;5;112m[Chromedriver@3cdd]&amp#27;[0m       }
&amp#27;[38;5;112m[Chromedriver@3cdd]&amp#27;[0m     }
&amp#27;[38;5;112m[Chromedriver@3cdd]&amp#27;[0m   }
&amp#27;[38;5;112m[Chromedriver@3cdd]&amp#27;[0m }
[debug] &amp#27;[38;5;112m[Chromedriver@3cdd]&amp#27;[0m Matched '/session' to command name 'createSession'
[debug] &amp#27;[38;5;112m[Chromedriver@3cdd]&amp#27;[0m Proxying [POST /session] to [POST http://127.0.0.1:8000/session] with body: {"capabilities":{"alwaysMatch":{"goog:chromeOptions":{"androidPackage":"com.android.chrome","androidDeviceSerial":"emulator-5554"},"goog:loggingPrefs":{"browser":"ALL"}}}}
[debug] &amp#27;[38;5;112m[Chromedriver@3cdd]&amp#27;[0m Got response with status 200: {"value":{"capabilities":{"acceptInsecureCerts":false,"browserName":"chrome","browserVersion":"83.0.4103.106","chrome":{"chromedriverVersion":"83.0.4103.39 (ccbf011cb2d2b19b506d844400483861342c20cd-refs/branch-heads/4103@{#416})"},"goog:chromeOptions":{"debuggerAddress":"localhost:59031"},"pageLoadStrategy":"normal","platformName":"android","proxy":{},"setWindowRect":false,"strictFileInteractability":false,"timeouts":{"implicit":0,"pageLoad":300000,"script":30000},"unhandledPromptBehavior":"dismiss and notify","webauthn:virtualAuthenticators":false},"sessionId":"3e632db9edd64c1c79060407e2bbbfc5"}}
&amp#27;[38;5;112m[Chromedriver@3cdd]&amp#27;[0m Determined the downstream protocol as 'W3C'
[debug] &amp#27;[38;5;112m[Chromedriver@3cdd (3e632db9)]&amp#27;[0m Changed state to 'online'
[debug] &amp#27;[38;5;32m[AndroidUiautomator2Driver@c2b9 (b23eeab9)]&amp#27;[0m Proxying [GET /appium/device/pixel_ratio] to [GET http://127.0.0.1:8201/session/1e3dcf16-9453-4a02-bb78-f1856eadd82d/appium/device/pixel_ratio] with no body
[debug] &amp#27;[38;5;32m[AndroidUiautomator2Driver@c2b9 (b23eeab9)]&amp#27;[0m Got response with status 200: {"sessionId":"1e3dcf16-9453-4a02-bb78-f1856eadd82d","value":2.625}
[debug] &amp#27;[38;5;32m[AndroidUiautomator2Driver@c2b9 (b23eeab9)]&amp#27;[0m Matched '/appium/device/system_bars' to command name 'getSystemBars'
[debug] &amp#27;[38;5;32m[AndroidUiautomator2Driver@c2b9 (b23eeab9)]&amp#27;[0m Proxying [GET /appium/device/system_bars] to [GET http://127.0.0.1:8201/session/1e3dcf16-9453-4a02-bb78-f1856eadd82d/appium/device/system_bars] with no body
[debug] &amp#27;[38;5;32m[AndroidUiautomator2Driver@c2b9 (b23eeab9)]&amp#27;[0m Got response with status 200: {"sessionId":"1e3dcf16-9453-4a02-bb78-f1856eadd82d","value":{"statusBar":63}}
[debug] &amp#27;[38;5;32m[AndroidUiautomator2Driver@c2b9 (b23eeab9)]&amp#27;[0m Matched '/window/current/size' to command name 'getWindowSize'
[debug] &amp#27;[38;5;32m[AndroidUiautomator2Driver@c2b9 (b23eeab9)]&amp#27;[0m Proxying [GET /window/current/size] to [GET http://127.0.0.1:8201/session/1e3dcf16-9453-4a02-bb78-f1856eadd82d/window/current/size] with no body
[debug] &amp#27;[38;5;32m[AndroidUiautomator2Driver@c2b9 (b23eeab9)]&amp#27;[0m Got response with status 200: {"sessionId":"1e3dcf16-9453-4a02-bb78-f1856eadd82d","value":{"height":1794,"width":1080}}
&amp#27;[38;5;16m[AppiumDriver@dbc3]&amp#27;[0m New AndroidUiautomator2Driver session created successfully, session b23eeab9-9277-41c0-b5e9-0cab43b68c81 added to master session list
[debug] &amp#27;[38;5;16m[AppiumDriver@dbc3]&amp#27;[0m Event 'newSessionStarted' logged at 1689070684549 (15:48:04 GMT+0530 (India Standard Time))
[debug] &amp#27;[38;5;32m[AndroidUiautomator2Driver@c2b9 (b23eeab9)]&amp#27;[0m Cached the protocol value 'W3C' for the new session b23eeab9-9277-41c0-b5e9-0cab43b68c81
[debug] &amp#27;[38;5;32m[AndroidUiautomator2Driver@c2b9 (b23eeab9)]&amp#27;[0m Responding to client with driver.createSession() result: {"capabilities":{"platform":"LINUX","webStorageEnabled":false,"takesScreenshot":true,"javascriptEnabled":true,"databaseEnabled":false,"networkConnectionEnabled":true,"locationContextEnabled":false,"warnings":{},"desired":{"browserName":"Chrome","platformName":"ANDROID","automationName":"UIAutomator2","chromedriverExecutable":"C:\\Users\\pmeher\\eclipse-workspace\\Appium\\src\\test\\java\\Resources\\mobileApp\\chromedriver.exe","deviceName":"pratikMobile1"},"browserName":"Chrome","platformName":"ANDROID","automationName":"UIAutomator2","chromedriverExecutable":"C:\\Users\\pmeher\\eclipse-workspace\\Appium\\src\\test\\java\\Resources\\mobileApp\\chromedriver.exe","deviceName":"emulator-5554","appPackage":"com.android.chrome","appActivity":"com.google.android.apps.chrome.Main","deviceUDID":"emulator-5554","deviceApiLevel":30,"platformVersion":"11","deviceScreenSize":"1080x1920","deviceScreenDensity":420,"deviceModel":"sdk_gphone_x86","deviceManufacturer":"Google","pixelRatio":2.625,"statBarHeight":63,"viewpor...
&amp#27;[38;5;0m[HTTP]&amp#27;[0m &amp#27;[37m<-- POST /session &amp#27;[39m&amp#27;[32m200&amp#27;[39m &amp#27;[90m17772 ms - 1137&amp#27;[39m
&amp#27;[38;5;0m[HTTP]&amp#27;[0m &amp#27;[90m&amp#27;[39m
&amp#27;[38;5;0m[HTTP]&amp#27;[0m &amp#27;[37m-->&amp#27;[39m &amp#27;[37mPOST&amp#27;[39m &amp#27;[37m/session/b23eeab9-9277-41c0-b5e9-0cab43b68c81/timeouts&amp#27;[39m
&amp#27;[38;5;0m[HTTP]&amp#27;[0m &amp#27;[90m{"implicit":10000}&amp#27;[39m
&amp#27;[38;5;32m[AndroidUiautomator2Driver@c2b9 (b23eeab9)]&amp#27;[0m Driver proxy active, passing request on via HTTP proxy
[debug] &amp#27;[38;5;112m[Chromedriver@3cdd (3e632db9)]&amp#27;[0m Matched '/session/b23eeab9-9277-41c0-b5e9-0cab43b68c81/timeouts' to command name 'timeouts'
[debug] &amp#27;[38;5;112m[Chromedriver@3cdd (3e632db9)]&amp#27;[0m Will send the following request bodies to /timeouts: [{"implicit":10000}]
[debug] &amp#27;[38;5;112m[Chromedriver@3cdd (3e632db9)]&amp#27;[0m Proxying [POST /session/b23eeab9-9277-41c0-b5e9-0cab43b68c81/timeouts] to [POST http://127.0.0.1:8000/session/3e632db9edd64c1c79060407e2bbbfc5/timeouts] with body: {"implicit":10000}
[debug] &amp#27;[38;5;112m[Chromedriver@3cdd (3e632db9)]&amp#27;[0m Got response with status 200: {"value":null}
&amp#27;[38;5;0m[HTTP]&amp#27;[0m &amp#27;[37m<-- POST /session/b23eeab9-9277-41c0-b5e9-0cab43b68c81/timeouts &amp#27;[39m&amp#27;[32m200&amp#27;[39m &amp#27;[90m11 ms - 14&amp#27;[39m
&amp#27;[38;5;0m[HTTP]&amp#27;[0m &amp#27;[90m&amp#27;[39m
&amp#27;[38;5;0m[HTTP]&amp#27;[0m &amp#27;[37m-->&amp#27;[39m &amp#27;[37mPOST&amp#27;[39m &amp#27;[37m/session/b23eeab9-9277-41c0-b5e9-0cab43b68c81/url&amp#27;[39m
&amp#27;[38;5;0m[HTTP]&amp#27;[0m &amp#27;[90m{"url":"https://rahulshettyacademy.com/angularAppdemo/"}&amp#27;[39m
&amp#27;[38;5;32m[AndroidUiautomator2Driver@c2b9 (b23eeab9)]&amp#27;[0m Driver proxy active, passing request on via HTTP proxy
[debug] &amp#27;[38;5;112m[Chromedriver@3cdd (3e632db9)]&amp#27;[0m Matched '/session/b23eeab9-9277-41c0-b5e9-0cab43b68c81/url' to command name 'setUrl'
[debug] &amp#27;[38;5;112m[Chromedriver@3cdd (3e632db9)]&amp#27;[0m Proxying [POST /session/b23eeab9-9277-41c0-b5e9-0cab43b68c81/url] to [POST http://127.0.0.1:8000/session/3e632db9edd64c1c79060407e2bbbfc5/url] with body: {"url":"https://rahulshettyacademy.com/angularAppdemo/"}
&amp#27;[38;5;112m[Chromedriver@3cdd (3e632db9)]&amp#27;[0m Got response with status 500: {"value":{"error":"unknown error","message":"unknown error: session deleted because of page crash\nfrom unknown error: cannot determine loading status\nfrom tab crashed\n  (Session info: chrome=83.0.4103.106)","stacktrace":"Backtrace:\n\tOrdinal0 [0x00DE9563+2725219]\n\tOrdinal0 [0x00CE8551+1672529]\n\tOrdinal0 [0x00BD0202+524802]\n\tOrdinal0 [0x00BC78F2+489714]\n\tOrdinal0 [0x00BC6EFE+487166]\n\tOrdinal0 [0x00BC7225+487973]\n\tOrdinal0 [0x00BCE764+517988]\n\tOrdinal0 [0x00BD44C3+541891]\n\tOrdinal0 [0x00B83E61+212577]\n\tOrdinal0 [0x00B7A94B+174411]\n\tOrdinal0 [0x00B62528+75048]\n\tOrdinal0 [0x00B635A0+79264]\n\tOrdinal0 [0x00B63539+79161]\n\tOrdinal0 [0x00CFD607+1758727]\n\tGetHandleVerifier [0x00F06546+1050150]\n\tGetHandleVerifier [0x00F06291+1049457]\n\tGetHandleVerifier [0x00F110D7+1094071]\n\tGetHandleVerifier [0x00F06B46+1051686]\n\tOrdinal0 [0x00CF5B06+1727238]\n\tOrdinal0 [0x00CFEB7B+1764219]\n\tOrdinal0 [0x00CFECE3+1764579]\n\tOrdinal0 [0x00D14C05+1854469]\n\tBaseThreadInitThunk [0x77B600C9+25]...
[debug] &amp#27;[38;5;128m[W3C]&amp#27;[0m Matched W3C error code 'unknown error' to UnknownError
&amp#27;[38;5;0m[HTTP]&amp#27;[0m &amp#27;[37m<-- POST /session/b23eeab9-9277-41c0-b5e9-0cab43b68c81/url &amp#27;[39m&amp#27;[31m500&amp#27;[39m &amp#27;[90m8233 ms - 1218&amp#27;[39m
&amp#27;[38;5;0m[HTTP]&amp#27;[0m &amp#27;[90m&amp#27;[39m
]]></system-out>
    <system-err><![CDATA[SLF4J: No SLF4J providers were found.
SLF4J: Defaulting to no-operation (NOP) logger implementation
SLF4J: See https://www.slf4j.org/codes.html#noProviders for further details.
]]></system-err>
  </testcase>
</testsuite>