<?xml version="1.0" encoding="UTF-8"?>
<testng-results ignored="0" total="1" passed="0" failed="1" skipped="0">
  <reporter-output>
  </reporter-output>
  <suite started-at="2023-07-06T07:04:52Z" name="Default suite" finished-at="2023-07-06T07:05:32Z" duration-ms="40255">
    <groups>
    </groups>
    <test started-at="2023-07-06T07:04:52Z" name="Default test" finished-at="2023-07-06T07:05:32Z" duration-ms="40255">
      <class name="Appium.Miscellanous">
        <test-method is-config="true" signature="ConfigureAppium()[pri:0, instance:Appium.Miscellanous@5c2375a9]" started-at="2023-07-06T07:04:52Z" name="ConfigureAppium" finished-at="2023-07-06T07:05:30Z" duration-ms="37817" status="PASS">
          <reporter-output>
          </reporter-output>
        </test-method> <!-- ConfigureAppium -->
        <test-method signature="Miscellanous()[pri:0, instance:Appium.Miscellanous@5c2375a9]" started-at="2023-07-06T07:05:30Z" name="Miscellanous" finished-at="2023-07-06T07:05:31Z" duration-ms="1194" status="FAIL">
          <exception class="org.openqa.selenium.WebDriverException">
            <message>
              <![CDATA[An unknown server-side error occurred while processing the command. Original error: Cannot start the 'io.appium.android.apis' application. Consider checking the driver's troubleshooting documentation. Original error: Cannot start the 'io.appium.android.apis' application. Consider checking the driver's troubleshooting documentation. Original error: Activity name '.io.appium.android.apis.preference.PreferenceDependencies' used to start the app doesn't exist or cannot be launched! Make sure it exists and is a launchable activity
Build info: version: '4.10.0', revision: 'c14d967899'
System info: os.name: 'Windows 10', os.arch: 'amd64', os.version: '10.0', java.version: '17.0.7'
Driver info: io.appium.java_client.android.AndroidDriver
Command: [e4a72b5a-27d0-488b-a53d-103b6837867c, startActivity {appPackage=io.appium.android.apis, appActivity=io.appium.android.apis.preference.PreferenceDependencies, appWaitPackage=, appWaitActivity=, dontStopAppOnReset=false, intentAction=, intentCategory=, intentFlags=, optionalIntentArguments=}]
Capabilities {appium:app: C:\Users\pmeher\eclipse-wor..., appium:appPackage: com.androidsample.generalstore, appium:automationName: UIAutomator2, appium:chromedriverExecutable: C:\Users\pmeher\eclipse-wor..., appium:databaseEnabled: false, appium:desired: {app: C:\Users\pmeher\eclipse-wor..., automationName: UIAutomator2, chromedriverExecutable: C:\Users\pmeher\eclipse-wor..., deviceName: pratikMobile1, platformName: ANDROID}, appium:deviceApiLevel: 30, appium:deviceManufacturer: Google, appium:deviceModel: sdk_gphone_x86, appium:deviceName: emulator-5554, appium:deviceScreenDensity: 420, appium:deviceScreenSize: 1080x1920, appium:deviceUDID: emulator-5554, appium:javascriptEnabled: true, appium:locationContextEnabled: false, appium:networkConnectionEnabled: true, appium:pixelRatio: 2.625, appium:platformVersion: 11, appium:statBarHeight: 63, appium:takesScreenshot: true, appium:viewportRect: {height: 1731, left: 0, top: 63, width: 1080}, appium:warnings: {}, appium:webStorageEnabled: false, platformName: ANDROID}
Session ID: e4a72b5a-27d0-488b-a53d-103b6837867c]]>
            </message>
            <full-stacktrace>
              <![CDATA[org.openqa.selenium.WebDriverException: An unknown server-side error occurred while processing the command. Original error: Cannot start the 'io.appium.android.apis' application. Consider checking the driver's troubleshooting documentation. Original error: Cannot start the 'io.appium.android.apis' application. Consider checking the driver's troubleshooting documentation. Original error: Activity name '.io.appium.android.apis.preference.PreferenceDependencies' used to start the app doesn't exist or cannot be launched! Make sure it exists and is a launchable activity
Build info: version: '4.10.0', revision: 'c14d967899'
System info: os.name: 'Windows 10', os.arch: 'amd64', os.version: '10.0', java.version: '17.0.7'
Driver info: io.appium.java_client.android.AndroidDriver
Command: [e4a72b5a-27d0-488b-a53d-103b6837867c, startActivity {appPackage=io.appium.android.apis, appActivity=io.appium.android.apis.preference.PreferenceDependencies, appWaitPackage=, appWaitActivity=, dontStopAppOnReset=false, intentAction=, intentCategory=, intentFlags=, optionalIntentArguments=}]
Capabilities {appium:app: C:\Users\pmeher\eclipse-wor..., appium:appPackage: com.androidsample.generalstore, appium:automationName: UIAutomator2, appium:chromedriverExecutable: C:\Users\pmeher\eclipse-wor..., appium:databaseEnabled: false, appium:desired: {app: C:\Users\pmeher\eclipse-wor..., automationName: UIAutomator2, chromedriverExecutable: C:\Users\pmeher\eclipse-wor..., deviceName: pratikMobile1, platformName: ANDROID}, appium:deviceApiLevel: 30, appium:deviceManufacturer: Google, appium:deviceModel: sdk_gphone_x86, appium:deviceName: emulator-5554, appium:deviceScreenDensity: 420, appium:deviceScreenSize: 1080x1920, appium:deviceUDID: emulator-5554, appium:javascriptEnabled: true, appium:locationContextEnabled: false, appium:networkConnectionEnabled: true, appium:pixelRatio: 2.625, appium:platformVersion: 11, appium:statBarHeight: 63, appium:takesScreenshot: true, appium:viewportRect: {height: 1731, left: 0, top: 63, width: 1080}, appium:warnings: {}, appium:webStorageEnabled: false, platformName: ANDROID}
Session ID: e4a72b5a-27d0-488b-a53d-103b6837867c
at java.base/jdk.internal.reflect.NativeConstructorAccessorImpl.newInstance0(Native Method)
at java.base/jdk.internal.reflect.NativeConstructorAccessorImpl.newInstance(NativeConstructorAccessorImpl.java:77)
at java.base/jdk.internal.reflect.DelegatingConstructorAccessorImpl.newInstance(DelegatingConstructorAccessorImpl.java:45)
at java.base/java.lang.reflect.Constructor.newInstanceWithCaller(Constructor.java:499)
at java.base/java.lang.reflect.Constructor.newInstance(Constructor.java:480)
at org.openqa.selenium.remote.codec.w3c.W3CHttpResponseCodec.createException(W3CHttpResponseCodec.java:199)
at org.openqa.selenium.remote.codec.w3c.W3CHttpResponseCodec.decode(W3CHttpResponseCodec.java:132)
at org.openqa.selenium.remote.codec.w3c.W3CHttpResponseCodec.decode(W3CHttpResponseCodec.java:51)
at org.openqa.selenium.remote.HttpCommandExecutor.execute(HttpCommandExecutor.java:191)
at io.appium.java_client.remote.AppiumCommandExecutor.execute(AppiumCommandExecutor.java:250)
at org.openqa.selenium.remote.RemoteWebDriver.execute(RemoteWebDriver.java:531)
at org.openqa.selenium.remote.RemoteWebDriver.execute(RemoteWebDriver.java:590)
at io.appium.java_client.AppiumDriver.execute(AppiumDriver.java:308)
at io.appium.java_client.CommandExecutionHelper.execute(CommandExecutionHelper.java:35)
at io.appium.java_client.android.StartsActivity.startActivity(StartsActivity.java:54)
at Appium.Miscellanous.Miscellanous(Miscellanous.java:22)
at java.base/jdk.internal.reflect.NativeMethodAccessorImpl.invoke0(Native Method)
at java.base/jdk.internal.reflect.NativeMethodAccessorImpl.invoke(NativeMethodAccessorImpl.java:77)
at java.base/jdk.internal.reflect.DelegatingMethodAccessorImpl.invoke(DelegatingMethodAccessorImpl.java:43)
at java.base/java.lang.reflect.Method.invoke(Method.java:568)
at org.testng.internal.MethodInvocationHelper.invokeMethod(MethodInvocationHelper.java:124)
at org.testng.internal.Invoker.invokeMethod(Invoker.java:583)
at org.testng.internal.Invoker.invokeTestMethod(Invoker.java:719)
at org.testng.internal.Invoker.invokeTestMethods(Invoker.java:989)
at org.testng.internal.TestMethodWorker.invokeTestMethods(TestMethodWorker.java:125)
at org.testng.internal.TestMethodWorker.run(TestMethodWorker.java:109)
at org.testng.TestRunner.privateRun(TestRunner.java:648)
at org.testng.TestRunner.run(TestRunner.java:505)
at org.testng.SuiteRunner.runTest(SuiteRunner.java:455)
at org.testng.SuiteRunner.runSequentially(SuiteRunner.java:450)
at org.testng.SuiteRunner.privateRun(SuiteRunner.java:415)
at org.testng.SuiteRunner.run(SuiteRunner.java:364)
at org.testng.SuiteRunnerWorker.runSuite(SuiteRunnerWorker.java:52)
at org.testng.SuiteRunnerWorker.run(SuiteRunnerWorker.java:84)
at org.testng.TestNG.runSuitesSequentially(TestNG.java:1208)
at org.testng.TestNG.runSuitesLocally(TestNG.java:1137)
at org.testng.TestNG.runSuites(TestNG.java:1049)
at org.testng.TestNG.run(TestNG.java:1017)
at org.testng.remote.AbstractRemoteTestNG.run(AbstractRemoteTestNG.java:115)
at org.testng.remote.RemoteTestNG.initAndRun(RemoteTestNG.java:251)
at org.testng.remote.RemoteTestNG.main(RemoteTestNG.java:77)
]]>
            </full-stacktrace>
          </exception> <!-- org.openqa.selenium.WebDriverException -->
          <reporter-output>
          </reporter-output>
        </test-method> <!-- Miscellanous -->
        <test-method is-config="true" signature="stopdownAppium()[pri:0, instance:Appium.Miscellanous@5c2375a9]" started-at="2023-07-06T07:05:31Z" name="stopdownAppium" finished-at="2023-07-06T07:05:32Z" duration-ms="1216" status="PASS">
          <reporter-output>
          </reporter-output>
        </test-method> <!-- stopdownAppium -->
      </class> <!-- Appium.Miscellanous -->
    </test> <!-- Default test -->
  </suite> <!-- Default suite -->
</testng-results>
